{"/Users/xaviersanchezmir/Projects/Talks/tdd/src/App.vue": {"path":"/Users/xaviersanchezmir/Projects/Talks/tdd/src/App.vue","statementMap":{"0":{"start":{"line":8,"column":0},"end":{"line":8,"column":null}}},"fnMap":{},"branchMap":{},"s":{"0":1},"f":{},"b":{}}
,"/Users/xaviersanchezmir/Projects/Talks/tdd/src/api.js": {"path":"/Users/xaviersanchezmir/Projects/Talks/tdd/src/api.js","statementMap":{"0":{"start":{"line":4,"column":17},"end":{"line":7,"column":2}},"1":{"start":{"line":11,"column":4},"end":{"line":13,"column":35}},"2":{"start":{"line":13,"column":22},"end":{"line":13,"column":33}}},"fnMap":{"0":{"name":"(anonymous_0)","decl":{"start":{"line":10,"column":2},"end":{"line":10,"column":3}},"loc":{"start":{"line":10,"column":26},"end":{"line":14,"column":3}},"line":10},"1":{"name":"(anonymous_1)","decl":{"start":{"line":13,"column":12},"end":{"line":13,"column":13}},"loc":{"start":{"line":13,"column":22},"end":{"line":13,"column":33}},"line":13}},"branchMap":{},"s":{"0":1,"1":1,"2":1},"f":{"0":1,"1":1},"b":{},"_coverageSchema":"43e27e138ebf9cfc5966b082cf9a028302ed4184","hash":"48e63077e2417044b4cc178b50148d69cb59fed9"}
,"/Users/xaviersanchezmir/Projects/Talks/tdd/src/main.js": {"path":"/Users/xaviersanchezmir/Projects/Talks/tdd/src/main.js","statementMap":{"0":{"start":{"line":8,"column":0},"end":{"line":8,"column":14}},"1":{"start":{"line":9,"column":0},"end":{"line":9,"column":32}},"2":{"start":{"line":11,"column":0},"end":{"line":14,"column":17}},"3":{"start":{"line":13,"column":15},"end":{"line":13,"column":21}}},"fnMap":{"0":{"name":"(anonymous_0)","decl":{"start":{"line":13,"column":10},"end":{"line":13,"column":11}},"loc":{"start":{"line":13,"column":15},"end":{"line":13,"column":21}},"line":13}},"branchMap":{},"s":{"0":0,"1":0,"2":0,"3":0},"f":{"0":0},"b":{},"hash":"f2a9d4b7e78f808c467a067c1a1160d55709dab4"}
,"/Users/xaviersanchezmir/Projects/Talks/tdd/src/components/SearchForm.vue": {"path":"/Users/xaviersanchezmir/Projects/Talks/tdd/src/components/SearchForm.vue","statementMap":{"0":{"start":{"line":20,"column":0},"end":{"line":20,"column":null}},"1":{"start":{"line":24,"column":0},"end":{"line":24,"column":null}}},"fnMap":{"0":{"name":"(anonymous_1)","decl":{"start":{"line":23,"column":0},"end":{"line":23,"column":null}},"loc":{"start":{"line":23,"column":0},"end":{"line":27,"column":null}}}},"branchMap":{},"s":{"0":3,"1":4},"f":{"0":4},"b":{}}
,"/Users/xaviersanchezmir/Projects/Talks/tdd/src/components/SpeakersList.vue": {"path":"/Users/xaviersanchezmir/Projects/Talks/tdd/src/components/SpeakersList.vue","statementMap":{"0":{"start":{"line":10,"column":0},"end":{"line":10,"column":null}}},"fnMap":{},"branchMap":{},"s":{"0":3},"f":{},"b":{}}
,"/Users/xaviersanchezmir/Projects/Talks/tdd/src/store/actions.js": {"path":"/Users/xaviersanchezmir/Projects/Talks/tdd/src/store/actions.js","statementMap":{"0":{"start":{"line":5,"column":4},"end":{"line":13,"column":7}},"1":{"start":{"line":6,"column":6},"end":{"line":12,"column":7}},"2":{"start":{"line":7,"column":21},"end":{"line":7,"column":54}},"3":{"start":{"line":8,"column":8},"end":{"line":8,"column":36}},"4":{"start":{"line":9,"column":8},"end":{"line":9,"column":21}},"5":{"start":{"line":11,"column":8},"end":{"line":11,"column":21}}},"fnMap":{"0":{"name":"(anonymous_0)","decl":{"start":{"line":4,"column":2},"end":{"line":4,"column":3}},"loc":{"start":{"line":4,"column":38},"end":{"line":14,"column":3}},"line":4},"1":{"name":"(anonymous_1)","decl":{"start":{"line":5,"column":23},"end":{"line":5,"column":24}},"loc":{"start":{"line":5,"column":50},"end":{"line":13,"column":5}},"line":5}},"branchMap":{},"s":{"0":1,"1":1,"2":1,"3":1,"4":1,"5":0},"f":{"0":1,"1":1},"b":{},"_coverageSchema":"43e27e138ebf9cfc5966b082cf9a028302ed4184","hash":"05cb3e7ab81118a7239fe9ddbea95d10a8bba596"}
,"/Users/xaviersanchezmir/Projects/Talks/tdd/src/store/getters.js": {"path":"/Users/xaviersanchezmir/Projects/Talks/tdd/src/store/getters.js","statementMap":{"0":{"start":{"line":3,"column":4},"end":{"line":3,"column":25}}},"fnMap":{"0":{"name":"(anonymous_0)","decl":{"start":{"line":2,"column":12},"end":{"line":2,"column":13}},"loc":{"start":{"line":2,"column":21},"end":{"line":4,"column":3}},"line":2}},"branchMap":{},"s":{"0":1},"f":{"0":1},"b":{},"_coverageSchema":"43e27e138ebf9cfc5966b082cf9a028302ed4184","hash":"b850c53e1ce276094e985e5cee31ee6712e2640a"}
,"/Users/xaviersanchezmir/Projects/Talks/tdd/src/store/index.js": {"path":"/Users/xaviersanchezmir/Projects/Talks/tdd/src/store/index.js","statementMap":{"0":{"start":{"line":8,"column":0},"end":{"line":8,"column":14}}},"fnMap":{},"branchMap":{},"s":{"0":0},"f":{},"b":{},"hash":"5f060f71c07c2aed6491688fa12a3cad2eb59fb4"}
,"/Users/xaviersanchezmir/Projects/Talks/tdd/src/store/mutations.js": {"path":"/Users/xaviersanchezmir/Projects/Talks/tdd/src/store/mutations.js","statementMap":{"0":{"start":{"line":3,"column":4},"end":{"line":9,"column":5}},"1":{"start":{"line":3,"column":34},"end":{"line":3,"column":62}},"2":{"start":{"line":4,"column":6},"end":{"line":8,"column":9}}},"fnMap":{"0":{"name":"(anonymous_0)","decl":{"start":{"line":2,"column":2},"end":{"line":2,"column":3}},"loc":{"start":{"line":2,"column":30},"end":{"line":10,"column":3}},"line":2},"1":{"name":"(anonymous_1)","decl":{"start":{"line":3,"column":29},"end":{"line":3,"column":30}},"loc":{"start":{"line":3,"column":34},"end":{"line":3,"column":62}},"line":3}},"branchMap":{"0":{"loc":{"start":{"line":3,"column":4},"end":{"line":9,"column":5}},"type":"if","locations":[{"start":{"line":3,"column":4},"end":{"line":9,"column":5}},{"start":{"line":3,"column":4},"end":{"line":9,"column":5}}],"line":3}},"s":{"0":2,"1":1,"2":1},"f":{"0":2,"1":1},"b":{"0":[1,1]},"_coverageSchema":"43e27e138ebf9cfc5966b082cf9a028302ed4184","hash":"a74c658b7df5e2cfb40cc2a27e3d38dc0f159539"}
,"/Users/xaviersanchezmir/Projects/Talks/tdd/src/store/state.js": {"path":"/Users/xaviersanchezmir/Projects/Talks/tdd/src/store/state.js","statementMap":{},"fnMap":{},"branchMap":{},"s":{},"f":{},"b":{},"_coverageSchema":"43e27e138ebf9cfc5966b082cf9a028302ed4184","hash":"d8dc78fc8cb7a38e8a6348d770f533f1e929178f"}
,"/Users/xaviersanchezmir/Projects/Talks/tdd/src/views/SpeakersView.vue": {"path":"/Users/xaviersanchezmir/Projects/Talks/tdd/src/views/SpeakersView.vue","statementMap":{"0":{"start":{"line":9,"column":0},"end":{"line":9,"column":null}},"1":{"start":{"line":10,"column":0},"end":{"line":10,"column":null}},"2":{"start":{"line":11,"column":0},"end":{"line":11,"column":null}}},"fnMap":{},"branchMap":{},"s":{"0":2,"1":2,"2":2},"f":{},"b":{}}
}
