TN:
SF:/Users/xaviersanchezmir/Projects/Talks/tdd/src/App.vue
FNF:0
FNH:0
DA:8,1
LF:1
LH:1
BRF:0
BRH:0
end_of_record
TN:
SF:/Users/xaviersanchezmir/Projects/Talks/tdd/src/api.js
FN:10,(anonymous_0)
FN:13,(anonymous_1)
FNF:2
FNH:2
FNDA:1,(anonymous_0)
FNDA:1,(anonymous_1)
DA:4,1
DA:11,1
DA:13,1
LF:3
LH:3
BRF:0
BRH:0
end_of_record
TN:
SF:/Users/xaviersanchezmir/Projects/Talks/tdd/src/main.js
FN:13,(anonymous_0)
FNF:1
FNH:0
FNDA:0,(anonymous_0)
DA:8,0
DA:9,0
DA:11,0
DA:13,0
LF:4
LH:0
BRF:0
BRH:0
end_of_record
TN:
SF:/Users/xaviersanchezmir/Projects/Talks/tdd/src/components/SearchForm.vue
FN:23,(anonymous_1)
FNF:1
FNH:1
FNDA:4,(anonymous_1)
DA:20,3
DA:24,4
LF:2
LH:2
BRF:0
BRH:0
end_of_record
TN:
SF:/Users/xaviersanchezmir/Projects/Talks/tdd/src/components/SpeakersList.vue
FNF:0
FNH:0
DA:10,3
LF:1
LH:1
BRF:0
BRH:0
end_of_record
TN:
SF:/Users/xaviersanchezmir/Projects/Talks/tdd/src/store/actions.js
FN:4,(anonymous_0)
FN:5,(anonymous_1)
FNF:2
FNH:2
FNDA:1,(anonymous_0)
FNDA:1,(anonymous_1)
DA:5,1
DA:6,1
DA:7,1
DA:8,1
DA:9,1
DA:11,0
LF:6
LH:5
BRF:0
BRH:0
end_of_record
TN:
SF:/Users/xaviersanchezmir/Projects/Talks/tdd/src/store/getters.js
FN:2,(anonymous_0)
FNF:1
FNH:1
FNDA:1,(anonymous_0)
DA:3,1
LF:1
LH:1
BRF:0
BRH:0
end_of_record
TN:
SF:/Users/xaviersanchezmir/Projects/Talks/tdd/src/store/index.js
FNF:0
FNH:0
DA:8,0
LF:1
LH:0
BRF:0
BRH:0
end_of_record
TN:
SF:/Users/xaviersanchezmir/Projects/Talks/tdd/src/store/mutations.js
FN:2,(anonymous_0)
FN:3,(anonymous_1)
FNF:2
FNH:2
FNDA:2,(anonymous_0)
FNDA:1,(anonymous_1)
DA:3,2
DA:4,1
LF:2
LH:2
BRDA:3,0,0,1
BRDA:3,0,1,1
BRF:2
BRH:2
end_of_record
TN:
SF:/Users/xaviersanchezmir/Projects/Talks/tdd/src/store/state.js
FNF:0
FNH:0
LF:0
LH:0
BRF:0
BRH:0
end_of_record
TN:
SF:/Users/xaviersanchezmir/Projects/Talks/tdd/src/views/SpeakersView.vue
FNF:0
FNH:0
DA:9,2
DA:10,2
DA:11,2
LF:3
LH:3
BRF:0
BRH:0
end_of_record
